[09:59:19] [main/INFO] (FabricLoader) Loading for game Minecraft 1.16.5
[09:59:20] [main/INFO] (Fabric|Loader) [FabricLoader] Loading 47 mods: fabric-renderer-api-v1@0.4.1+ca58154a7d, minecraft@1.16.5, fabric-screen-handler-api-v1@1.1.1+ca58154a7d, fabric-networking-blockentity-v0@0.2.8+ca58154a7d, fabric-keybindings-v0@0.2.1+ca58154a7d, smoothsneak@1.0-SNAPSHOT, fabric-command-api-v1@1.0.10+ca58154a7d, fabricloader@0.11.1, fabric-screen-api-v1@1.0.0+c045166c7d, fabric-tool-attribute-api-v1@1.2.6+ca58154a7d, fabric-structure-api-v1@1.1.4+ca58154a7d, fabric-renderer-indigo@0.4.4+ca58154a7d, fabric-containers-v0@0.1.10+ca58154a7d, fabric-object-builder-api-v1@1.9.3+ca58154a7d, fabric-dimensions-v1@2.0.2+ca58154a7d, java@11, fabric-events-interaction-v0@0.4.2+ca58154a7d, fabric-item-api-v1@1.2.1+ca58154a7d, fabric-crash-report-info-v1@0.1.3+ca58154a7d, fabric-game-rule-api-v1@1.0.6+ca58154a7d, fabric-entity-events-v1@1.0.3+ca58154a7d, fabric-api-base@0.2.0+daa38b3d7d, fabric-rendering-v0@1.1.2+ca58154a7d, fabric-rendering-v1@1.5.1+ca58154a7d, fabric-key-binding-api-v1@1.0.2+ca58154a7d, fabric-rendering-data-attachment-v1@0.1.5+ca58154a7d, fabric-resource-loader-v0@0.4.2+ca58154a7d, fabric-textures-v0@1.0.6+ca58154a7d, fabric-content-registries-v0@0.2.1+ca58154a7d, fabric-tag-extensions-v0@1.1.1+ca58154a7d, fabric-rendering-fluids-v1@0.1.13+ca58154a7d, fabric-biome-api-v1@3.1.1+ca58154a7d, fabric-registry-sync-v0@0.7.4+ca58154a7d, fabric-commands-v0@0.2.2+ca58154a7d, fabric-blockrenderlayer-v1@1.1.5+ca58154a7d, fabric-lifecycle-events-v1@1.2.1+ca58154a7d, fabric-mining-levels-v0@0.1.3+ca58154a7d, fabric-renderer-registries-v1@2.2.1+ca58154a7d, fabric-networking-api-v1@1.0.1+ca58154a7d, fabric-events-lifecycle-v0@0.2.1+ca58154a7d, fabric-loot-tables-v1@1.0.2+ca58154a7d, fabric@0.30.0+1.16, fabric-models-v0@0.2.1+ca58154a7d, fabric-particles-v1@0.2.4+ca58154a7d, fabric-item-groups-v0@0.2.3+ca58154a7d, fabric-networking-v0@0.3.2+ca58154a7d, fabric-object-builders-v0@0.7.2+ca58154a7d
[09:59:20] [main/INFO] (mixin) SpongePowered MIXIN Subsystem Version=0.8.2 Source=file:/home/tecnagamer/.gradle/caches/modules-2/files-2.1/net.fabricmc/sponge-mixin/0.8.2+build.24/e5a741445d0f425bf3cce946c6cf8c7fb8376b2/sponge-mixin-0.8.2+build.24.jar Service=Knot/Fabric Env=CLIENT
[09:59:20] [main/INFO] (Fabric|MixinBootstrap) Loaded Fabric development mappings for mixin remapper!
[09:59:21] [main/INFO] (mixin) Remapping refMap fabric-networking-blockentity-v0-refmap.json using remapper chain
[09:59:21] [main/INFO] (mixin) Remapping refMap fabric-screen-handler-api-v1-refmap.json using remapper chain
[09:59:21] [main/INFO] (mixin) Remapping refMap fabric-lifecycle-events-v1-refmap.json using remapper chain
[09:59:21] [main/INFO] (mixin) Remapping refMap fabric-containers-v0-refmap.json using remapper chain
[09:59:21] [main/INFO] (mixin) Remapping refMap fabric-renderer-indigo-refmap.json using remapper chain
[09:59:21] [main/INFO] (mixin) Remapping refMap fabric-rendering-data-attachment-v1-refmap.json using remapper chain
[09:59:21] [main/INFO] (mixin) Remapping refMap fabric-structure-api-v1-refmap.json using remapper chain
[09:59:21] [main/INFO] (mixin) Remapping refMap fabric-events-interaction-v0-refmap.json using remapper chain
[09:59:21] [main/INFO] (mixin) Remapping refMap fabric-item-api-v1-refmap.json using remapper chain
[09:59:21] [main/INFO] (mixin) Remapping refMap fabric-loot-tables-v1-refmap.json using remapper chain
[09:59:21] [main/INFO] (mixin) Remapping refMap fabric-object-builder-api-v1-refmap.json using remapper chain
[09:59:21] [main/INFO] (mixin) Remapping refMap fabric-screen-api-v1-refmap.json using remapper chain
[09:59:21] [main/INFO] (mixin) Remapping refMap fabric-dimensions-v1-refmap.json using remapper chain
[09:59:21] [main/INFO] (mixin) Remapping refMap fabric-renderer-registries-v1-refmap.json using remapper chain
[09:59:21] [main/INFO] (mixin) Remapping refMap fabric-textures-v0-refmap.json using remapper chain
[09:59:21] [main/INFO] (mixin) Remapping refMap fabric-registry-sync-v0-refmap.json using remapper chain
[09:59:21] [main/INFO] (mixin) Remapping refMap fabric-models-v0-refmap.json using remapper chain
[09:59:21] [main/INFO] (mixin) Remapping refMap fabric-blockrenderlayer-v1-refmap.json using remapper chain
[09:59:21] [main/INFO] (mixin) Remapping refMap fabric-renderer-api-v1-refmap.json using remapper chain
[09:59:21] [main/INFO] (mixin) Remapping refMap fabric-containers-v0-refmap.json using remapper chain
[09:59:21] [main/INFO] (mixin) Remapping refMap fabric-rendering-fluids-v1-refmap.json using remapper chain
[09:59:21] [main/INFO] (mixin) Remapping refMap fabric-biome-api-v1-refmap.json using remapper chain
[09:59:21] [main/INFO] (mixin) Remapping refMap fabric-resource-loader-v0-refmap.json using remapper chain
[09:59:21] [main/INFO] (mixin) Remapping refMap fabric-game-rule-api-v1-refmap.json using remapper chain
[09:59:21] [main/INFO] (mixin) Remapping refMap fabric-networking-api-v1-refmap.json using remapper chain
[09:59:21] [main/INFO] (mixin) Remapping refMap fabric-particles-v1-refmap.json using remapper chain
[09:59:21] [main/INFO] (mixin) Remapping refMap fabric-object-builders-refmap.json using remapper chain
[09:59:21] [main/INFO] (mixin) Remapping refMap fabric-tag-extensions-v0-refmap.json using remapper chain
[09:59:21] [main/INFO] (mixin) Remapping refMap fabric-tool-attribute-api-v1-refmap.json using remapper chain
[09:59:21] [main/INFO] (mixin) Remapping refMap fabric-rendering-v1-refmap.json using remapper chain
[09:59:21] [main/INFO] (mixin) Remapping refMap fabric-item-groups-v0-refmap.json using remapper chain
[09:59:21] [main/INFO] (mixin) Remapping refMap fabric-content-registries-v0-refmap.json using remapper chain
[09:59:21] [main/INFO] (mixin) Remapping refMap fabric-command-api-v1-refmap.json using remapper chain
[09:59:21] [main/INFO] (mixin) Remapping refMap fabric-crash-report-info-v1-refmap.json using remapper chain
[09:59:21] [main/INFO] (mixin) Remapping refMap fabric-entity-events-v1-refmap.json using remapper chain
[09:59:21] [main/INFO] (mixin) Remapping refMap fabric-key-binding-api-v1-refmap.json using remapper chain
[09:59:21] [main/INFO] (mixin) Remapping refMap fabric-renderer-api-v1-refmap.json using remapper chain
[09:59:21] [main/WARN] (mixin) @Mixin target net/minecraft/client/render/block/BlockModelRenderer$AmbientOcclusionCalculator is public in fabric-renderer-indigo.mixins.json:MixinAmbientOcclusionCalculator and should be specified in value
[09:59:21] [main/WARN] (mixin) @Mixin target net/minecraft/client/render/chunk/ChunkBuilder$BuiltChunk$RebuildTask is public in fabric-renderer-indigo.mixins.json:MixinChunkRebuildTask and should be specified in value
[09:59:21] [main/WARN] (mixin) @Mixin target net/minecraft/village/TradeOffers$TypeAwareBuyForOneEmeraldFactory is public in fabric-object-builder-v1.mixins.json:TypeAwareTradeMixin and should be specified in value
[09:59:21] [main/WARN] (mixin) @Mixin target net/minecraft/client/font/FontManager$1 is public in fabric-resource-loader-v0.mixins.json:client.FontManagerResourceReloadListenerMixin and should be specified in value
[09:59:21] [main/WARN] (mixin) @Mixin target net/minecraft/server/command/GameRuleCommand$1 is public in fabric-game-rule-api-v1.mixins.json:GameRuleCommandVisitorMixin and should be specified in value
[09:59:21] [main/WARN] (mixin) @Mixin target net/minecraft/client/gui/screen/world/EditGameRulesScreen$RuleListWidget$1 is public in fabric-game-rule-api-v1.mixins.json:client.RuleListWidgetVisitorMixin and should be specified in value
[09:59:21] [main/WARN] (mixin) @Mixin target net/minecraft/server/world/ThreadedAnvilChunkStorage$EntityTracker is public in fabric-networking-api-v1.mixins.json:accessor.EntityTrackerAccessor and should be specified in value
[09:59:21] [main/WARN] (mixin) @Mixin target net/minecraft/client/particle/ParticleManager$SimpleSpriteProvider is public in fabric-particles-v1.mixins.json:ParticleManagerAccessor$SimpleSpriteProviderAccessor and should be specified in value
[09:59:21] [main/WARN] (mixin) @Mixin target net/minecraft/tag/Tag$1 is public in fabric-tag-extensions-v0.mixins.json:MixinTagImpl and should be specified in value
[09:59:21] [main/WARN] (mixin) @Mixin target net/minecraft/tag/RequiredTagList$TagWrapper is public in fabric-tag-extensions-v0.mixins.json:MixinTagImpl and should be specified in value
[09:59:30] [main/INFO] (Minecraft) Environment: authHost='https://authserver.mojang.com', accountsHost='https://api.mojang.com', sessionHost='https://sessionserver.mojang.com', servicesHost='https://api.minecraftservices.com', name='PROD'
[09:59:31] [main/ERROR] (Minecraft) Failed to verify authentication
com.mojang.authlib.exceptions.AuthenticationUnavailableException: null
	at com.mojang.authlib.yggdrasil.YggdrasilSocialInteractionsService.checkPrivileges(YggdrasilSocialInteractionsService.java:97) ~[authlib-2.1.28.jar:?]
	at com.mojang.authlib.yggdrasil.YggdrasilSocialInteractionsService.<init>(YggdrasilSocialInteractionsService.java:40) ~[authlib-2.1.28.jar:?]
	at com.mojang.authlib.yggdrasil.YggdrasilAuthenticationService.createSocialInteractionsService(YggdrasilAuthenticationService.java:152) ~[authlib-2.1.28.jar:?]
	at net.minecraft.client.MinecraftClient.method_31382(MinecraftClient.java:563) [minecraft-1.16.5-mapped-net.fabricmc.yarn-1.16.5+build.3-v2.jar:?]
	at net.minecraft.client.MinecraftClient.<init>(MinecraftClient.java:398) [minecraft-1.16.5-mapped-net.fabricmc.yarn-1.16.5+build.3-v2.jar:?]
	at net.minecraft.client.main.Main.main(Main.java:149) [minecraft-1.16.5-mapped-net.fabricmc.yarn-1.16.5+build.3-v2.jar:?]
	at jdk.internal.reflect.NativeMethodAccessorImpl.invoke0(Native Method) ~[?:?]
	at jdk.internal.reflect.NativeMethodAccessorImpl.invoke(NativeMethodAccessorImpl.java:62) ~[?:?]
	at jdk.internal.reflect.DelegatingMethodAccessorImpl.invoke(DelegatingMethodAccessorImpl.java:43) ~[?:?]
	at java.lang.reflect.Method.invoke(Method.java:566) ~[?:?]
	at net.fabricmc.loader.game.MinecraftGameProvider.launch(MinecraftGameProvider.java:226) [fabric-loader-0.11.1.jar:?]
	at net.fabricmc.loader.launch.knot.Knot.init(Knot.java:139) [fabric-loader-0.11.1.jar:?]
	at net.fabricmc.loader.launch.knot.KnotClient.main(KnotClient.java:27) [fabric-loader-0.11.1.jar:?]
	at net.fabricmc.devlaunchinjector.Main.main(Main.java:86) [dev-launch-injector-0.2.1+build.8.jar:?]
[09:59:31] [main/INFO] (Minecraft) Setting user: Player925
[09:59:33] [main/INFO] (Minecraft) [STDOUT]: SmoothSneak is a go!
[09:59:33] [main/INFO] (Indigo) [Indigo] Registering Indigo renderer!
[09:59:35] [main/INFO] (Minecraft) Backend library: LWJGL version 3.2.2 build 10
[09:59:40] [main/WARN] (Minecraft) ERROR : Couldn't load Narrator library : Unable to load library 'fliteWrapper': Native library (linux-x86-64/libfliteWrapper.so) not found in resource path (/home/tecnagamer/MinecraftModding/SmoothSneak/build/classes/java/main:/home/tecnagamer/MinecraftModding/SmoothSneak/build/resources/main:/home/tecnagamer/.gradle/caches/fabric-loom/yarn-1.16.5+build.3-v2-final.jar:/home/tecnagamer/.gradle/caches/modules-2/files-2.1/net.fabricmc/tiny-mappings-parser/0.2.2.14/b7020df2520820f670dfaedd2cf23666d24a2aa8/tiny-mappings-parser-0.2.2.14.jar:/home/tecnagamer/.gradle/caches/modules-2/files-2.1/net.fabricmc/sponge-mixin/0.8.2+build.24/e5a741445d0f425bf3cce946c6cf8c7fb8376b2/sponge-mixin-0.8.2+build.24.jar:/home/tecnagamer/.gradle/caches/modules-2/files-2.1/net.fabricmc/tiny-remapper/0.3.0.70/8a79e9b88fbc6b49dc4312bb1efcf6c4a8c818df/tiny-remapper-0.3.0.70.jar:/home/tecnagamer/.gradle/caches/modules-2/files-2.1/net.fabricmc/access-widener/1.0.0/22264da061b12132ecfe15f68e0a90a11b14e6f9/access-widener-1.0.0.jar:/home/tecnagamer/.gradle/caches/modules-2/files-2.1/net.fabricmc/fabric-loader-sat4j/2.3.5.4/f8fe5353909430b5845ae24ea1e01d83f12ad916/fabric-loader-sat4j-2.3.5.4.jar:/home/tecnagamer/.gradle/caches/modules-2/files-2.1/com.google.jimfs/jimfs/1.2-fabric/c3705f1acc511edb8ad4fd4e86ae4634a25315bb/jimfs-1.2-fabric.jar:/home/tecnagamer/.gradle/caches/modules-2/files-2.1/org.ow2.asm/asm/9.0/af582ff60bc567c42d931500c3fdc20e0141ddf9/asm-9.0.jar:/home/tecnagamer/.gradle/caches/modules-2/files-2.1/org.ow2.asm/asm-analysis/9.0/4630afefbb43939c739445dde0af1a5729a0fb4e/asm-analysis-9.0.jar:/home/tecnagamer/.gradle/caches/modules-2/files-2.1/org.ow2.asm/asm-commons/9.0/5a34a3a9ac44f362f35d1b27932380b0031a3334/asm-commons-9.0.jar:/home/tecnagamer/.gradle/caches/modules-2/files-2.1/org.ow2.asm/asm-tree/9.0/9df939f25c556b0c7efe00701d47e77a49837f24/asm-tree-9.0.jar:/home/tecnagamer/.gradle/caches/modules-2/files-2.1/org.ow2.asm/asm-util/9.0/7c059a94ab5eed3347bf954e27fab58e52968848/asm-util-9.0.jar:/home/tecnagamer/.gradle/caches/modules-2/files-2.1/com.mojang/patchy/1.1/aef610b34a1be37fa851825f12372b78424d8903/patchy-1.1.jar:/home/tecnagamer/.gradle/caches/modules-2/files-2.1/oshi-project/oshi-core/1.1/9ddf7b048a8d701be231c0f4f95fd986198fd2d8/oshi-core-1.1.jar:/home/tecnagamer/.gradle/caches/modules-2/files-2.1/net.java.dev.jna/jna/4.4.0/cb208278274bf12ebdb56c61bd7407e6f774d65a/jna-4.4.0.jar:/home/tecnagamer/.gradle/caches/modules-2/files-2.1/net.java.dev.jna/platform/3.4.0/e3f70017be8100d3d6923f50b3d2ee17714e9c13/platform-3.4.0.jar:/home/tecnagamer/.gradle/caches/modules-2/files-2.1/com.ibm.icu/icu4j/66.1/72c7519b6d91f7a1f993bd44a99fe95d67211b27/icu4j-66.1.jar:/home/tecnagamer/.gradle/caches/modules-2/files-2.1/com.mojang/javabridge/1.0.22/6aa6453aa99a52a5cd91749da1af6ab70e082ab3/javabridge-1.0.22.jar:/home/tecnagamer/.gradle/caches/modules-2/files-2.1/net.sf.jopt-simple/jopt-simple/5.0.3/cdd846cfc4e0f7eefafc02c0f5dce32b9303aa2a/jopt-simple-5.0.3.jar:/home/tecnagamer/.gradle/caches/modules-2/files-2.1/io.netty/netty-all/4.1.25.Final/d0626cd3108294d1d58c05859add27b4ef21f83b/netty-all-4.1.25.Final.jar:/home/tecnagamer/.gradle/caches/modules-2/files-2.1/com.google.guava/guava/21.0/3a3d111be1be1b745edfa7d91678a12d7ed38709/guava-21.0.jar:/home/tecnagamer/.gradle/caches/modules-2/files-2.1/org.apache.commons/commons-lang3/3.5/6c6c702c89bfff3cd9e80b04d668c5e190d588c6/commons-lang3-3.5.jar:/home/tecnagamer/.gradle/caches/modules-2/files-2.1/commons-io/commons-io/2.5/2852e6e05fbb95076fc091f6d1780f1f8fe35e0f/commons-io-2.5.jar:/home/tecnagamer/.gradle/caches/modules-2/files-2.1/commons-codec/commons-codec/1.10/4b95f4897fa13f2cd904aee711aeafc0c5295cd8/commons-codec-1.10.jar:/home/tecnagamer/.gradle/caches/modules-2/files-2.1/net.java.jinput/jinput/2.0.5/39c7796b469a600f72380316f6b1f11db6c2c7c4/jinput-2.0.5.jar:/home/tecnagamer/.gradle/caches/modules-2/files-2.1/net.java.jutils/jutils/1.0.0/e12fe1fda814bd348c1579329c86943d2cd3c6a6/jutils-1.0.0.jar:/home/tecnagamer/.gradle/caches/modules-2/files-2.1/com.mojang/brigadier/1.0.17/c6b7dc51dd44379cc751b7504816006e9be4b1e6/brigadier-1.0.17.jar:/home/tecnagamer/.gradle/caches/modules-2/files-2.1/com.mojang/datafixerupper/4.0.26/ebd6690f33871ccee9b6132c6480668ee2e35020/datafixerupper-4.0.26.jar:/home/tecnagamer/.gradle/caches/modules-2/files-2.1/com.google.code.gson/gson/2.8.0/c4ba5371a29ac9b2ad6129b1d39ea38750043eff/gson-2.8.0.jar:/home/tecnagamer/.gradle/caches/modules-2/files-2.1/com.mojang/authlib/2.1.28/ad54da276bf59983d02d5ed16fc14541354c71fd/authlib-2.1.28.jar:/home/tecnagamer/.gradle/caches/modules-2/files-2.1/org.apache.commons/commons-compress/1.8.1/a698750c16740fd5b3871425f4cb3bbaa87f529d/commons-compress-1.8.1.jar:/home/tecnagamer/.gradle/caches/modules-2/files-2.1/org.apache.httpcomponents/httpclient/4.3.3/18f4247ff4572a074444572cee34647c43e7c9c7/httpclient-4.3.3.jar:/home/tecnagamer/.gradle/caches/modules-2/files-2.1/commons-logging/commons-logging/1.1.3/f6f66e966c70a83ffbdb6f17a0919eaf7c8aca7f/commons-logging-1.1.3.jar:/home/tecnagamer/.gradle/caches/modules-2/files-2.1/org.apache.httpcomponents/httpcore/4.3.2/31fbbff1ddbf98f3aa7377c94d33b0447c646b6e/httpcore-4.3.2.jar:/home/tecnagamer/.gradle/caches/modules-2/files-2.1/it.unimi.dsi/fastutil/8.2.1/5ad88f325e424f8dbc2be5459e21ea5cab3864e9/fastutil-8.2.1.jar:/home/tecnagamer/.gradle/caches/modules-2/files-2.1/org.apache.logging.log4j/log4j-api/2.8.1/e801d13612e22cad62a3f4f3fe7fdbe6334a8e72/log4j-api-2.8.1.jar:/home/tecnagamer/.gradle/caches/modules-2/files-2.1/org.apache.logging.log4j/log4j-core/2.8.1/4ac28ff2f1ddf05dae3043a190451e8c46b73c31/log4j-core-2.8.1.jar:/home/tecnagamer/.gradle/caches/modules-2/files-2.1/org.lwjgl/lwjgl/3.2.2/8ad6294407e15780b43e84929c40e4c5e997972e/lwjgl-3.2.2.jar:/home/tecnagamer/.gradle/caches/modules-2/files-2.1/org.lwjgl/lwjgl-jemalloc/3.2.2/ee8e57a79300f78294576d87c4a587f8c99402e2/lwjgl-jemalloc-3.2.2.jar:/home/tecnagamer/.gradle/caches/modules-2/files-2.1/org.lwjgl/lwjgl-openal/3.2.2/2b772a102b0a11ee5f2109a5b136f4dc7c630827/lwjgl-openal-3.2.2.jar:/home/tecnagamer/.gradle/caches/modules-2/files-2.1/org.lwjgl/lwjgl-opengl/3.2.2/6ac5bb88b44c43ea195a570aab059f63da004cd8/lwjgl-opengl-3.2.2.jar:/home/tecnagamer/.gradle/caches/modules-2/files-2.1/org.lwjgl/lwjgl-glfw/3.2.2/d3ad4df38e400b8afba1de63f84338809399df5b/lwjgl-glfw-3.2.2.jar:/home/tecnagamer/.gradle/caches/modules-2/files-2.1/org.lwjgl/lwjgl-stb/3.2.2/3b8e6ebc5851dd3d17e37e5cadce2eff2a429f0f/lwjgl-stb-3.2.2.jar:/home/tecnagamer/.gradle/caches/modules-2/files-2.1/org.lwjgl/lwjgl-tinyfd/3.2.2/fcbe606c8f8da6f8f9a05e2c540eb1ee8632b0e9/lwjgl-tinyfd-3.2.2.jar:/home/tecnagamer/.gradle/caches/modules-2/files-2.1/com.mojang/text2speech/1.11.3/f378f889797edd7df8d32272c06ca80a1b6b0f58/text2speech-1.11.3.jar:/home/tecnagamer/.gradle/caches/fabric-loom/1.16.5-mapped-net.fabricmc.yarn-1.16.5+build.3-v2/minecraft-1.16.5-mapped-net.fabricmc.yarn-1.16.5+build.3-v2.jar:/home/tecnagamer/MinecraftModding/SmoothSneak/.gradle/loom-cache/remapped_mods/net_fabricmc_yarn_1_16_5_1_16_5_build_3_v2/net/fabricmc/fabric-api/fabric-api/0.30.0+1.16/fabric-api-0.30.0+1.16.jar:/home/tecnagamer/MinecraftModding/SmoothSneak/.gradle/loom-cache/remapped_mods/net_fabricmc_yarn_1_16_5_1_16_5_build_3_v2/net/fabricmc/fabric-api/fabric-blockrenderlayer-v1/1.1.5+ca58154a7d/fabric-blockrenderlayer-v1-1.1.5+ca58154a7d.jar:/home/tecnagamer/MinecraftModding/SmoothSneak/.gradle/loom-cache/remapped_mods/net_fabricmc_yarn_1_16_5_1_16_5_build_3_v2/net/fabricmc/fabric-api/fabric-commands-v0/0.2.2+ca58154a7d/fabric-commands-v0-0.2.2+ca58154a7d.jar:/home/tecnagamer/MinecraftModding/SmoothSneak/.gradle/loom-cache/remapped_mods/net_fabricmc_yarn_1_16_5_1_16_5_build_3_v2/net/fabricmc/fabric-api/fabric-command-api-v1/1.0.10+ca58154a7d/fabric-command-api-v1-1.0.10+ca58154a7d.jar:/home/tecnagamer/MinecraftModding/SmoothSneak/.gradle/loom-cache/remapped_mods/net_fabricmc_yarn_1_16_5_1_16_5_build_3_v2/net/fabricmc/fabric-api/fabric-containers-v0/0.1.10+ca58154a7d/fabric-containers-v0-0.1.10+ca58154a7d.jar:/home/tecnagamer/MinecraftModding/SmoothSneak/.gradle/loom-cache/remapped_mods/net_fabricmc_yarn_1_16_5_1_16_5_build_3_v2/net/fabricmc/fabric-api/fabric-content-registries-v0/0.2.1+ca58154a7d/fabric-content-registries-v0-0.2.1+ca58154a7d.jar:/home/tecnagamer/MinecraftModding/SmoothSneak/.gradle/loom-cache/remapped_mods/net_fabricmc_yarn_1_16_5_1_16_5_build_3_v2/net/fabricmc/fabric-api/fabric-dimensions-v1/2.0.2+ca58154a7d/fabric-dimensions-v1-2.0.2+ca58154a7d.jar:/home/tecnagamer/MinecraftModding/SmoothSneak/.gradle/loom-cache/remapped_mods/net_fabricmc_yarn_1_16_5_1_16_5_build_3_v2/net/fabricmc/fabric-api/fabric-entity-events-v1/1.0.3+ca58154a7d/fabric-entity-events-v1-1.0.3+ca58154a7d.jar:/home/tecnagamer/MinecraftModding/SmoothSneak/.gradle/loom-cache/remapped_mods/net_fabricmc_yarn_1_16_5_1_16_5_build_3_v2/net/fabricmc/fabric-api/fabric-events-interaction-v0/0.4.2+ca58154a7d/fabric-events-interaction-v0-0.4.2+ca58154a7d.jar:/home/tecnagamer/MinecraftModding/SmoothSneak/.gradle/loom-cache/remapped_mods/net_fabricmc_yarn_1_16_5_1_16_5_build_3_v2/net/fabricmc/fabric-api/fabric-events-lifecycle-v0/0.2.1+ca58154a7d/fabric-events-lifecycle-v0-0.2.1+ca58154a7d.jar:/home/tecnagamer/MinecraftModding/SmoothSneak/.gradle/loom-cache/remapped_mods/net_fabricmc_yarn_1_16_5_1_16_5_build_3_v2/net/fabricmc/fabric-api/fabric-item-api-v1/1.2.1+ca58154a7d/fabric-item-api-v1-1.2.1+ca58154a7d.jar:/home/tecnagamer/MinecraftModding/SmoothSneak/.gradle/loom-cache/remapped_mods/net_fabricmc_yarn_1_16_5_1_16_5_build_3_v2/net/fabricmc/fabric-api/fabric-item-groups-v0/0.2.3+ca58154a7d/fabric-item-groups-v0-0.2.3+ca58154a7d.jar:/home/tecnagamer/MinecraftModding/SmoothSneak/.gradle/loom-cache/remapped_mods/net_fabricmc_yarn_1_16_5_1_16_5_build_3_v2/net/fabricmc/fabric-api/fabric-lifecycle-events-v1/1.2.1+ca58154a7d/fabric-lifecycle-events-v1-1.2.1+ca58154a7d.jar:/home/tecnagamer/MinecraftModding/SmoothSneak/.gradle/loom-cache/remapped_mods/net_fabricmc_yarn_1_16_5_1_16_5_build_3_v2/net/fabricmc/fabric-api/fabric-loot-tables-v1/1.0.2+ca58154a7d/fabric-loot-tables-v1-1.0.2+ca58154a7d.jar:/home/tecnagamer/MinecraftModding/SmoothSneak/.gradle/loom-cache/remapped_mods/net_fabricmc_yarn_1_16_5_1_16_5_build_3_v2/net/fabricmc/fabric-api/fabric-mining-levels-v0/0.1.3+ca58154a7d/fabric-mining-levels-v0-0.1.3+ca58154a7d.jar:/home/tecnagamer/MinecraftModding/SmoothSneak/.gradle/loom-cache/remapped_mods/net_fabricmc_yarn_1_16_5_1_16_5_build_3_v2/net/fabricmc/fabric-api/fabric-models-v0/0.2.1+ca58154a7d/fabric-models-v0-0.2.1+ca58154a7d.jar:/home/tecnagamer/MinecraftModding/SmoothSneak/.gradle/loom-cache/remapped_mods/net_fabricmc_yarn_1_16_5_1_16_5_build_3_v2/net/fabricmc/fabric-api/fabric-screen-handler-api-v1/1.1.1+ca58154a7d/fabric-screen-handler-api-v1-1.1.1+ca58154a7d.jar:/home/tecnagamer/MinecraftModding/SmoothSneak/.gradle/loom-cache/remapped_mods/net_fabricmc_yarn_1_16_5_1_16_5_build_3_v2/net/fabricmc/fabric-api/fabric-networking-v0/0.3.2+ca58154a7d/fabric-networking-v0-0.3.2+ca58154a7d.jar:/home/tecnagamer/MinecraftModding/SmoothSneak/.gradle/loom-cache/remapped_mods/net_fabricmc_yarn_1_16_5_1_16_5_build_3_v2/net/fabricmc/fabric-api/fabric-registry-sync-v0/0.7.4+ca58154a7d/fabric-registry-sync-v0-0.7.4+ca58154a7d.jar:/home/tecnagamer/MinecraftModding/SmoothSneak/.gradle/loom-cache/remapped_mods/net_fabricmc_yarn_1_16_5_1_16_5_build_3_v2/net/fabricmc/fabric-api/fabric-networking-api-v1/1.0.1+ca58154a7d/fabric-networking-api-v1-1.0.1+ca58154a7d.jar:/home/tecnagamer/MinecraftModding/SmoothSneak/.gradle/loom-cache/remapped_mods/net_fabricmc_yarn_1_16_5_1_16_5_build_3_v2/net/fabricmc/fabric-api/fabric-networking-blockentity-v0/0.2.8+ca58154a7d/fabric-networking-blockentity-v0-0.2.8+ca58154a7d.jar:/home/tecnagamer/MinecraftModding/SmoothSneak/.gradle/loom-cache/remapped_mods/net_fabricmc_yarn_1_16_5_1_16_5_build_3_v2/net/fabricmc/fabric-api/fabric-object-builders-v0/0.7.2+ca58154a7d/fabric-object-builders-v0-0.7.2+ca58154a7d.jar:/home/tecnagamer/MinecraftModding/SmoothSneak/.gradle/loom-cache/remapped_mods/net_fabricmc_yarn_1_16_5_1_16_5_build_3_v2/net/fabricmc/fabric-api/fabric-object-builder-api-v1/1.9.3+ca58154a7d/fabric-object-builder-api-v1-1.9.3+ca58154a7d.jar:/home/tecnagamer/MinecraftModding/SmoothSneak/.gradle/loom-cache/remapped_mods/net_fabricmc_yarn_1_16_5_1_16_5_build_3_v2/net/fabricmc/fabric-api/fabric-particles-v1/0.2.4+ca58154a7d/fabric-particles-v1-0.2.4+ca58154a7d.jar:/home/tecnagamer/MinecraftModding/SmoothSneak/.gradle/loom-cache/remapped_mods/net_fabricmc_yarn_1_16_5_1_16_5_build_3_v2/net/fabricmc/fabric-api/fabric-renderer-indigo/0.4.4+ca58154a7d/fabric-renderer-indigo-0.4.4+ca58154a7d.jar:/home/tecnagamer/MinecraftModding/SmoothSneak/.gradle/loom-cache/remapped_mods/net_fabricmc_yarn_1_16_5_1_16_5_build_3_v2/net/fabricmc/fabric-api/fabric-renderer-api-v1/0.4.1+ca58154a7d/fabric-renderer-api-v1-0.4.1+ca58154a7d.jar:/home/tecnagamer/MinecraftModding/SmoothSneak/.gradle/loom-cache/remapped_mods/net_fabricmc_yarn_1_16_5_1_16_5_build_3_v2/net/fabricmc/fabric-api/fabric-renderer-registries-v1/2.2.1+ca58154a7d/fabric-renderer-registries-v1-2.2.1+ca58154a7d.jar:/home/tecnagamer/MinecraftModding/SmoothSneak/.gradle/loom-cache/remapped_mods/net_fabricmc_yarn_1_16_5_1_16_5_build_3_v2/net/fabricmc/fabric-api/fabric-rendering-data-attachment-v1/0.1.5+ca58154a7d/fabric-rendering-data-attachment-v1-0.1.5+ca58154a7d.jar:/home/tecnagamer/MinecraftModding/SmoothSneak/.gradle/loom-cache/remapped_mods/net_fabricmc_yarn_1_16_5_1_16_5_build_3_v2/net/fabricmc/fabric-api/fabric-rendering-fluids-v1/0.1.13+ca58154a7d/fabric-rendering-fluids-v1-0.1.13+ca58154a7d.jar:/home/tecnagamer/MinecraftModding/SmoothSneak/.gradle/loom-cache/remapped_mods/net_fabricmc_yarn_1_16_5_1_16_5_build_3_v2/net/fabricmc/fabric-api/fabric-rendering-v0/1.1.2+ca58154a7d/fabric-rendering-v0-1.1.2+ca58154a7d.jar:/home/tecnagamer/MinecraftModding/SmoothSneak/.gradle/loom-cache/remapped_mods/net_fabricmc_yarn_1_16_5_1_16_5_build_3_v2/net/fabricmc/fabric-api/fabric-rendering-v1/1.5.1+ca58154a7d/fabric-rendering-v1-1.5.1+ca58154a7d.jar:/home/tecnagamer/MinecraftModding/SmoothSneak/.gradle/loom-cache/remapped_mods/net_fabricmc_yarn_1_16_5_1_16_5_build_3_v2/net/fabricmc/fabric-api/fabric-screen-api-v1/1.0.0+c045166c7d/fabric-screen-api-v1-1.0.0+c045166c7d.jar:/home/tecnagamer/MinecraftModding/SmoothSneak/.gradle/loom-cache/remapped_mods/net_fabricmc_yarn_1_16_5_1_16_5_build_3_v2/net/fabricmc/fabric-api/fabric-tool-attribute-api-v1/1.2.6+ca58154a7d/fabric-tool-attribute-api-v1-1.2.6+ca58154a7d.jar:/home/tecnagamer/MinecraftModding/SmoothSneak/.gradle/loom-cache/remapped_mods/net_fabricmc_yarn_1_16_5_1_16_5_build_3_v2/net/fabricmc/fabric-api/fabric-tag-extensions-v0/1.1.1+ca58154a7d/fabric-tag-extensions-v0-1.1.1+ca58154a7d.jar:/home/tecnagamer/MinecraftModding/SmoothSneak/.gradle/loom-cache/remapped_mods/net_fabricmc_yarn_1_16_5_1_16_5_build_3_v2/net/fabricmc/fabric-api/fabric-textures-v0/1.0.6+ca58154a7d/fabric-textures-v0-1.0.6+ca58154a7d.jar:/home/tecnagamer/MinecraftModding/SmoothSneak/.gradle/loom-cache/remapped_mods/net_fabricmc_yarn_1_16_5_1_16_5_build_3_v2/net/fabricmc/fabric-api/fabric-api-base/0.2.0+daa38b3d7d/fabric-api-base-0.2.0+daa38b3d7d.jar:/home/tecnagamer/MinecraftModding/SmoothSneak/.gradle/loom-cache/remapped_mods/net_fabricmc_yarn_1_16_5_1_16_5_build_3_v2/net/fabricmc/fabric-api/fabric-biome-api-v1/3.1.1+ca58154a7d/fabric-biome-api-v1-3.1.1+ca58154a7d.jar:/home/tecnagamer/MinecraftModding/SmoothSneak/.gradle/loom-cache/remapped_mods/net_fabricmc_yarn_1_16_5_1_16_5_build_3_v2/net/fabricmc/fabric-api/fabric-crash-report-info-v1/0.1.3+ca58154a7d/fabric-crash-report-info-v1-0.1.3+ca58154a7d.jar:/home/tecnagamer/MinecraftModding/SmoothSneak/.gradle/loom-cache/remapped_mods/net_fabricmc_yarn_1_16_5_1_16_5_build_3_v2/net/fabricmc/fabric-api/fabric-game-rule-api-v1/1.0.6+ca58154a7d/fabric-game-rule-api-v1-1.0.6+ca58154a7d.jar:/home/tecnagamer/MinecraftModding/SmoothSneak/.gradle/loom-cache/remapped_mods/net_fabricmc_yarn_1_16_5_1_16_5_build_3_v2/net/fabricmc/fabric-api/fabric-keybindings-v0/0.2.1+ca58154a7d/fabric-keybindings-v0-0.2.1+ca58154a7d.jar:/home/tecnagamer/MinecraftModding/SmoothSneak/.gradle/loom-cache/remapped_mods/net_fabricmc_yarn_1_16_5_1_16_5_build_3_v2/net/fabricmc/fabric-api/fabric-key-binding-api-v1/1.0.2+ca58154a7d/fabric-key-binding-api-v1-1.0.2+ca58154a7d.jar:/home/tecnagamer/MinecraftModding/SmoothSneak/.gradle/loom-cache/remapped_mods/net_fabricmc_yarn_1_16_5_1_16_5_build_3_v2/net/fabricmc/fabric-api/fabric-resource-loader-v0/0.4.2+ca58154a7d/fabric-resource-loader-v0-0.4.2+ca58154a7d.jar:/home/tecnagamer/MinecraftModding/SmoothSneak/.gradle/loom-cache/remapped_mods/net_fabricmc_yarn_1_16_5_1_16_5_build_3_v2/net/fabricmc/fabric-api/fabric-structure-api-v1/1.1.4+ca58154a7d/fabric-structure-api-v1-1.1.4+ca58154a7d.jar:/home/tecnagamer/MinecraftModding/SmoothSneak/.gradle/loom-cache/remapped_mods/net_fabricmc_yarn_1_16_5_1_16_5_build_3_v2/net/fabricmc/fabric-loader/0.11.1/fabric-loader-0.11.1.jar:/home/tecnagamer/.gradle/caches/modules-2/files-2.1/net.minecrell/terminalconsoleappender/1.2.0/96d02cd3b384ff015a8fef4223bcb4ccf1717c95/terminalconsoleappender-1.2.0.jar:/home/tecnagamer/.gradle/caches/modules-2/files-2.1/net.fabricmc/dev-launch-injector/0.2.1+build.8/da8bef7e6e2f952da707f282bdb46882a0fce5e3/dev-launch-injector-0.2.1+build.8.jar:/home/tecnagamer/.gradle/caches/modules-2/files-2.1/org.jline/jline-reader/3.12.1/4382ab1382c7b6f379377ed5f665dc2f6e1218bc/jline-reader-3.12.1.jar:/home/tecnagamer/.gradle/caches/modules-2/files-2.1/org.jline/jline-terminal/3.12.1/c777448314e050d980a6b697c140f3bfe9eb7416/jline-terminal-3.12.1.jar)
[09:59:40] [main/INFO] (Minecraft) Reloading ResourceManager: Default, Fabric Mods (Fabric Renderer API (v1), Fabric Screen Handler API (v1), Fabric Networking Block Entity (v0), Fabric Key Bindings (v0), Fabric Command API (v1), Fabric Loader, Fabric Screen API (v1), Fabric Tool Attribute API (v1), Fabric Structure API (v1), Fabric Renderer - Indigo, Fabric Containers (v0), Fabric Object Builder API (v1), Fabric Events Interaction (v0), Fabric Item API (v1), Fabric Crash Report Info (v1), Fabric Game Rule API (v1), Fabric Entity Events (v1), Fabric API Base, Fabric Rendering (v0), Fabric Rendering (v1), Fabric Key Binding API (v1), Fabric Rendering Data Attachment (v1), Fabric Resource Loader (v0), Fabric Textures (v0), Fabric Content Registries (v0), Fabric Tag Extensions (v0), Fabric Rendering Fluids (v1), Fabric Biome API (v1), Fabric Registry Sync (v0), Fabric Commands (v0), Fabric BlockRenderLayer Registration (v1), Fabric Lifecycle Events (v1), Fabric Mining Levels (v0), Fabric Renderer Registries (v1), Fabric Networking API (v1), Fabric Events Lifecycle (v0), Fabric Loot Tables (v1), Fabric API, Fabric Models (v0), Fabric Particles (v1), Fabric Item Groups (v0), Fabric Networking (v0), Fabric Object Builders (v0))
[09:59:40] [Realms Notification Availability checker #1/INFO] (Minecraft) Could not authorize you against Realms server: Invalid session id
[09:59:55] [main/ERROR] (Minecraft) Error starting SoundSystem. Turning off sounds & music
java.lang.IllegalStateException: Failed to open OpenAL device
	at net.minecraft.client.sound.SoundEngine.openDevice(SoundEngine.java:150) ~[minecraft-1.16.5-mapped-net.fabricmc.yarn-1.16.5+build.3-v2.jar:?]
	at net.minecraft.client.sound.SoundEngine.init(SoundEngine.java:58) ~[minecraft-1.16.5-mapped-net.fabricmc.yarn-1.16.5+build.3-v2.jar:?]
	at net.minecraft.client.sound.SoundSystem.start(SoundSystem.java:93) ~[minecraft-1.16.5-mapped-net.fabricmc.yarn-1.16.5+build.3-v2.jar:?]
	at net.minecraft.client.sound.SoundSystem.reloadSounds(SoundSystem.java:87) ~[minecraft-1.16.5-mapped-net.fabricmc.yarn-1.16.5+build.3-v2.jar:?]
	at net.minecraft.client.sound.SoundManager.apply(SoundManager.java:157) ~[minecraft-1.16.5-mapped-net.fabricmc.yarn-1.16.5+build.3-v2.jar:?]
	at net.minecraft.client.sound.SoundManager.apply(SoundManager.java:248) ~[minecraft-1.16.5-mapped-net.fabricmc.yarn-1.16.5+build.3-v2.jar:?]
	at net.minecraft.resource.SinglePreparationResourceReloadListener.method_18790(SinglePreparationResourceReloadListener.java:13) ~[minecraft-1.16.5-mapped-net.fabricmc.yarn-1.16.5+build.3-v2.jar:?]
	at java.util.concurrent.CompletableFuture$UniAccept.tryFire(CompletableFuture.java:714) ~[?:?]
	at java.util.concurrent.CompletableFuture$Completion.run(CompletableFuture.java:478) ~[?:?]
	at net.minecraft.resource.ResourceReloader.method_18365(ResourceReloader.java:69) ~[minecraft-1.16.5-mapped-net.fabricmc.yarn-1.16.5+build.3-v2.jar:?]
	at net.minecraft.util.thread.ThreadExecutor.execute(ThreadExecutor.java:86) ~[minecraft-1.16.5-mapped-net.fabricmc.yarn-1.16.5+build.3-v2.jar:?]
	at net.minecraft.resource.ResourceReloader.method_18367(ResourceReloader.java:68) ~[minecraft-1.16.5-mapped-net.fabricmc.yarn-1.16.5+build.3-v2.jar:?]
	at java.util.concurrent.CompletableFuture$UniCompletion.claim(CompletableFuture.java:568) ~[?:?]
	at java.util.concurrent.CompletableFuture$UniAccept.tryFire(CompletableFuture.java:710) ~[?:?]
	at java.util.concurrent.CompletableFuture.postComplete(CompletableFuture.java:506) ~[?:?]
	at java.util.concurrent.CompletableFuture.postFire(CompletableFuture.java:610) ~[?:?]
	at java.util.concurrent.CompletableFuture$UniAccept.tryFire(CompletableFuture.java:722) ~[?:?]
	at java.util.concurrent.CompletableFuture$Completion.run(CompletableFuture.java:478) ~[?:?]
	at com.mojang.blaze3d.systems.RenderSystem.replayQueue(RenderSystem.java:101) [minecraft-1.16.5-mapped-net.fabricmc.yarn-1.16.5+build.3-v2.jar:?]
	at com.mojang.blaze3d.systems.RenderSystem.flipFrame(RenderSystem.java:90) [minecraft-1.16.5-mapped-net.fabricmc.yarn-1.16.5+build.3-v2.jar:?]
	at net.minecraft.client.util.Window.swapBuffers(Window.java:339) [minecraft-1.16.5-mapped-net.fabricmc.yarn-1.16.5+build.3-v2.jar:?]
	at net.minecraft.client.MinecraftClient.render(MinecraftClient.java:1026) [minecraft-1.16.5-mapped-net.fabricmc.yarn-1.16.5+build.3-v2.jar:?]
	at net.minecraft.client.MinecraftClient.run(MinecraftClient.java:624) [minecraft-1.16.5-mapped-net.fabricmc.yarn-1.16.5+build.3-v2.jar:?]
	at net.minecraft.client.main.Main.main(Main.java:187) [minecraft-1.16.5-mapped-net.fabricmc.yarn-1.16.5+build.3-v2.jar:?]
	at jdk.internal.reflect.NativeMethodAccessorImpl.invoke0(Native Method) ~[?:?]
	at jdk.internal.reflect.NativeMethodAccessorImpl.invoke(NativeMethodAccessorImpl.java:62) ~[?:?]
	at jdk.internal.reflect.DelegatingMethodAccessorImpl.invoke(DelegatingMethodAccessorImpl.java:43) ~[?:?]
	at java.lang.reflect.Method.invoke(Method.java:566) ~[?:?]
	at net.fabricmc.loader.game.MinecraftGameProvider.launch(MinecraftGameProvider.java:226) [fabric-loader-0.11.1.jar:?]
	at net.fabricmc.loader.launch.knot.Knot.init(Knot.java:139) [fabric-loader-0.11.1.jar:?]
	at net.fabricmc.loader.launch.knot.KnotClient.main(KnotClient.java:27) [fabric-loader-0.11.1.jar:?]
	at net.fabricmc.devlaunchinjector.Main.main(Main.java:86) [dev-launch-injector-0.2.1+build.8.jar:?]
[09:59:57] [main/INFO] (Minecraft) Created: 1024x1024x4 minecraft:textures/atlas/blocks.png-atlas
[09:59:57] [main/INFO] (Minecraft) Created: 256x128x4 minecraft:textures/atlas/signs.png-atlas
[09:59:57] [main/INFO] (Minecraft) Created: 1024x512x4 minecraft:textures/atlas/banner_patterns.png-atlas
[09:59:57] [main/INFO] (Minecraft) Created: 1024x512x4 minecraft:textures/atlas/shield_patterns.png-atlas
[09:59:57] [main/INFO] (Minecraft) Created: 256x256x4 minecraft:textures/atlas/chest.png-atlas
[09:59:57] [main/INFO] (Minecraft) Created: 512x256x4 minecraft:textures/atlas/beds.png-atlas
[09:59:57] [main/INFO] (Minecraft) Created: 512x256x4 minecraft:textures/atlas/shulker_boxes.png-atlas
[09:59:59] [main/INFO] (Minecraft) Created: 256x256x0 minecraft:textures/atlas/particles.png-atlas
[09:59:59] [main/INFO] (Minecraft) Created: 256x256x0 minecraft:textures/atlas/paintings.png-atlas
[09:59:59] [main/INFO] (Minecraft) Created: 256x128x0 minecraft:textures/atlas/mob_effects.png-atlas
[10:00:12] [main/WARN] (Minecraft) Ambiguity between arguments [teleport, destination] and [teleport, targets] with inputs: [Player, 0123, @e, dd12be42-52a9-4a91-a8a1-11c01849e498]
[10:00:12] [main/WARN] (Minecraft) Ambiguity between arguments [teleport, location] and [teleport, destination] with inputs: [0.1 -0.5 .9, 0 0 0]
[10:00:12] [main/WARN] (Minecraft) Ambiguity between arguments [teleport, location] and [teleport, targets] with inputs: [0.1 -0.5 .9, 0 0 0]
[10:00:12] [main/WARN] (Minecraft) Ambiguity between arguments [teleport, targets] and [teleport, destination] with inputs: [Player, 0123, dd12be42-52a9-4a91-a8a1-11c01849e498]
[10:00:12] [main/WARN] (Minecraft) Ambiguity between arguments [teleport, targets, location] and [teleport, targets, destination] with inputs: [0.1 -0.5 .9, 0 0 0]
[10:00:12] [main/INFO] (Minecraft) Reloading ResourceManager: Default, Fabric Mods (Fabric Tool Attribute API (v1))
[10:00:15] [main/INFO] (Minecraft) Loaded 7 recipes
[10:00:15] [main/INFO] (Minecraft) Loaded 927 advancements
[10:00:15] [main/INFO] (BiomeModificationImpl) Applied 0 biome modifications to 0 of 79 new biomes in 4.070 ms
[10:00:19] [main/INFO] (Minecraft) Environment: authHost='https://authserver.mojang.com', accountsHost='https://api.mojang.com', sessionHost='https://sessionserver.mojang.com', servicesHost='https://api.minecraftservices.com', name='PROD'
[10:00:20] [Server thread/INFO] (Minecraft) Starting integrated minecraft server version 1.16.5
[10:00:20] [Server thread/INFO] (Minecraft) Generating keypair
[10:00:21] [Server thread/INFO] (Minecraft) Preparing start region for dimension minecraft:overworld
[10:00:23] [main/INFO] (Minecraft) Preparing spawn area: 0%
[10:00:23] [main/INFO] (Minecraft) Preparing spawn area: 0%
[10:00:23] [main/INFO] (Minecraft) Preparing spawn area: 0%
[10:00:23] [main/INFO] (Minecraft) Preparing spawn area: 0%
[10:00:23] [main/INFO] (Minecraft) Preparing spawn area: 0%
[10:00:24] [main/INFO] (Minecraft) Preparing spawn area: 95%
[10:00:24] [main/INFO] (Minecraft) Time elapsed: 3149 ms
[10:00:24] [Server thread/INFO] (Minecraft) Changing view distance to 11, from 10
[10:00:26] [Server thread/INFO] (Minecraft) Player925[local:E:6711fe2e] logged in with entity id 1 at (6.802378691728041, 4.0, -2.274681021481191)
[10:00:26] [Server thread/INFO] (Minecraft) Player925 joined the game
[10:00:27] [Server thread/INFO] (Minecraft) Saving and pausing game...
[10:00:27] [Server thread/INFO] (Minecraft) Saving chunks for level 'ServerLevel[New World]'/minecraft:overworld
[10:00:28] [Server thread/INFO] (Minecraft) Saving chunks for level 'ServerLevel[New World]'/minecraft:the_nether
[10:00:28] [Server thread/INFO] (Minecraft) Saving chunks for level 'ServerLevel[New World]'/minecraft:the_end
[10:00:29] [main/INFO] (Minecraft) Loaded 0 advancements
[10:00:30] [Server thread/INFO] (Minecraft) Saving and pausing game...
[10:00:30] [Server thread/INFO] (Minecraft) Saving chunks for level 'ServerLevel[New World]'/minecraft:overworld
[10:00:30] [Server thread/INFO] (Minecraft) Saving chunks for level 'ServerLevel[New World]'/minecraft:the_nether
[10:00:30] [Server thread/INFO] (Minecraft) Saving chunks for level 'ServerLevel[New World]'/minecraft:the_end
[10:00:31] [Server thread/INFO] (Minecraft) Saving and pausing game...
[10:00:31] [Server thread/INFO] (Minecraft) Saving chunks for level 'ServerLevel[New World]'/minecraft:overworld
[10:00:31] [Server thread/INFO] (Minecraft) Saving chunks for level 'ServerLevel[New World]'/minecraft:the_nether
[10:00:31] [Server thread/INFO] (Minecraft) Saving chunks for level 'ServerLevel[New World]'/minecraft:the_end
[10:00:34] [main/INFO] (Minecraft) [STDOUT]: Sneaking!
[10:00:34] [main/INFO] (Minecraft) [STDOUT]: Sneaking!
[10:00:34] [main/INFO] (Minecraft) [STDOUT]: Sneaking!
[10:00:34] [main/INFO] (Minecraft) [STDOUT]: Sneaking!
[10:00:34] [main/INFO] (Minecraft) [STDOUT]: Sneaking!
[10:00:34] [main/INFO] (Minecraft) [STDOUT]: Sneaking!
[10:00:34] [main/INFO] (Minecraft) [STDOUT]: Sneaking!
[10:00:34] [main/INFO] (Minecraft) [STDOUT]: Sneaking!
[10:00:35] [main/INFO] (Minecraft) [STDOUT]: Sneaking!
[10:00:35] [main/INFO] (Minecraft) [STDOUT]: Sneaking!
[10:00:35] [main/INFO] (Minecraft) [STDOUT]: Sneaking!
[10:00:35] [main/INFO] (Minecraft) [STDOUT]: Sneaking!
[10:00:35] [main/INFO] (Minecraft) [STDOUT]: Sneaking!
[10:00:35] [main/INFO] (Minecraft) [STDOUT]: Sneaking!
[10:00:35] [main/INFO] (Minecraft) [STDOUT]: Sneaking!
[10:00:35] [main/INFO] (Minecraft) [STDOUT]: Sneaking!
[10:00:35] [main/INFO] (Minecraft) [STDOUT]: Sneaking!
[10:00:35] [main/INFO] (Minecraft) [STDOUT]: Sneaking!
[10:00:35] [main/INFO] (Minecraft) [STDOUT]: Sneaking!
[10:00:35] [main/INFO] (Minecraft) [STDOUT]: Sneaking!
[10:00:35] [main/INFO] (Minecraft) [STDOUT]: Sneaking!
[10:00:35] [main/INFO] (Minecraft) [STDOUT]: Sneaking!
[10:00:35] [main/INFO] (Minecraft) [STDOUT]: Sneaking!
[10:00:35] [main/INFO] (Minecraft) [STDOUT]: Sneaking!
[10:00:35] [main/INFO] (Minecraft) [STDOUT]: Sneaking!
[10:00:35] [main/INFO] (Minecraft) [STDOUT]: Sneaking!
[10:00:35] [main/INFO] (Minecraft) [STDOUT]: Sneaking!
[10:00:35] [main/INFO] (Minecraft) [STDOUT]: Sneaking!
[10:00:35] [main/INFO] (Minecraft) [STDOUT]: Sneaking!
[10:00:35] [main/INFO] (Minecraft) [STDOUT]: Sneaking!
[10:00:35] [main/INFO] (Minecraft) [STDOUT]: Sneaking!
[10:00:35] [main/INFO] (Minecraft) [STDOUT]: Sneaking!
[10:00:35] [main/INFO] (Minecraft) [STDOUT]: Sneaking!
[10:00:35] [main/INFO] (Minecraft) [STDOUT]: Sneaking!
[10:00:35] [main/INFO] (Minecraft) [STDOUT]: Sneaking!
[10:00:35] [main/INFO] (Minecraft) [STDOUT]: Sneaking!
[10:00:35] [main/INFO] (Minecraft) [STDOUT]: Sneaking!
[10:00:36] [main/INFO] (Minecraft) [STDOUT]: Sneaking!
[10:00:36] [main/INFO] (Minecraft) [STDOUT]: Sneaking!
[10:00:36] [main/INFO] (Minecraft) [STDOUT]: Sneaking!
[10:00:36] [main/INFO] (Minecraft) [STDOUT]: Sneaking!
[10:00:36] [main/INFO] (Minecraft) [STDOUT]: Sneaking!
[10:00:36] [main/INFO] (Minecraft) [STDOUT]: Sneaking!
[10:00:36] [main/INFO] (Minecraft) [STDOUT]: Sneaking!
[10:00:36] [main/INFO] (Minecraft) [STDOUT]: Sneaking!
[10:00:36] [main/INFO] (Minecraft) [STDOUT]: Sneaking!
[10:00:36] [main/INFO] (Minecraft) [STDOUT]: Sneaking!
[10:00:36] [main/INFO] (Minecraft) [STDOUT]: Sneaking!
[10:00:36] [main/INFO] (Minecraft) [STDOUT]: Sneaking!
[10:00:36] [main/INFO] (Minecraft) [STDOUT]: Sneaking!
[10:00:36] [main/INFO] (Minecraft) [STDOUT]: Sneaking!
[10:00:36] [main/INFO] (Minecraft) [STDOUT]: Sneaking!
[10:00:36] [main/INFO] (Minecraft) [STDOUT]: Sneaking!
[10:00:36] [main/INFO] (Minecraft) [STDOUT]: Sneaking!
[10:00:36] [main/INFO] (Minecraft) [STDOUT]: Sneaking!
[10:00:36] [main/INFO] (Minecraft) [STDOUT]: Sneaking!
[10:00:36] [main/INFO] (Minecraft) [STDOUT]: Sneaking!
[10:00:36] [main/INFO] (Minecraft) [STDOUT]: Sneaking!
[10:00:37] [main/INFO] (Minecraft) [STDOUT]: Sneaking!
[10:00:37] [main/INFO] (Minecraft) [STDOUT]: Sneaking!
[10:00:37] [main/INFO] (Minecraft) [STDOUT]: Sneaking!
[10:00:37] [main/INFO] (Minecraft) [STDOUT]: Sneaking!
[10:00:37] [main/INFO] (Minecraft) [STDOUT]: Sneaking!
[10:00:37] [main/INFO] (Minecraft) [STDOUT]: Sneaking!
[10:00:37] [main/INFO] (Minecraft) [STDOUT]: Sneaking!
[10:00:37] [main/INFO] (Minecraft) [STDOUT]: Sneaking!
[10:00:37] [main/INFO] (Minecraft) [STDOUT]: Sneaking!
[10:00:37] [main/INFO] (Minecraft) [STDOUT]: Sneaking!
[10:00:37] [main/INFO] (Minecraft) [STDOUT]: Sneaking!
[10:00:37] [main/INFO] (Minecraft) [STDOUT]: Sneaking!
[10:00:37] [main/INFO] (Minecraft) [STDOUT]: Sneaking!
[10:00:37] [main/INFO] (Minecraft) [STDOUT]: Sneaking!
[10:00:37] [main/INFO] (Minecraft) [STDOUT]: Sneaking!
[10:00:37] [main/INFO] (Minecraft) [STDOUT]: Sneaking!
[10:00:37] [main/INFO] (Minecraft) [STDOUT]: Sneaking!
[10:00:37] [main/INFO] (Minecraft) [STDOUT]: Sneaking!
[10:00:37] [main/INFO] (Minecraft) [STDOUT]: Sneaking!
[10:00:37] [main/INFO] (Minecraft) [STDOUT]: Sneaking!
[10:00:38] [Server thread/INFO] (Minecraft) Saving and pausing game...
[10:00:38] [Server thread/INFO] (Minecraft) Saving chunks for level 'ServerLevel[New World]'/minecraft:overworld
[10:00:38] [Server thread/INFO] (Minecraft) Saving chunks for level 'ServerLevel[New World]'/minecraft:the_nether
[10:00:38] [Server thread/INFO] (Minecraft) Saving chunks for level 'ServerLevel[New World]'/minecraft:the_end
[10:00:39] [main/INFO] (Minecraft) Stopping!
[10:00:39] [Server thread/INFO] (Minecraft) Player925 lost connection: Disconnected
[10:00:39] [Server thread/INFO] (Minecraft) Player925 left the game
[10:00:39] [Server thread/INFO] (Minecraft) Stopping singleplayer server as player logged out
[10:00:40] [Server thread/INFO] (Minecraft) Stopping server
[10:00:40] [Server thread/INFO] (Minecraft) Saving players
[10:00:40] [Server thread/INFO] (Minecraft) Saving worlds
[10:00:40] [Server thread/INFO] (Minecraft) Saving chunks for level 'ServerLevel[New World]'/minecraft:overworld
[10:00:40] [Server thread/INFO] (Minecraft) ThreadedAnvilChunkStorage (New World): All chunks are saved
[10:00:40] [Server thread/INFO] (Minecraft) Saving chunks for level 'ServerLevel[New World]'/minecraft:the_nether
[10:00:40] [Server thread/INFO] (Minecraft) ThreadedAnvilChunkStorage (DIM-1): All chunks are saved
[10:00:40] [Server thread/INFO] (Minecraft) Saving chunks for level 'ServerLevel[New World]'/minecraft:the_end
[10:00:40] [Server thread/INFO] (Minecraft) ThreadedAnvilChunkStorage (DIM1): All chunks are saved
[10:00:40] [Server thread/INFO] (Minecraft) ThreadedAnvilChunkStorage (New World): All chunks are saved
[10:00:40] [Server thread/INFO] (Minecraft) ThreadedAnvilChunkStorage (DIM-1): All chunks are saved
[10:00:40] [Server thread/INFO] (Minecraft) ThreadedAnvilChunkStorage (DIM1): All chunks are saved
